<?xml version="1.0" encoding="UTF-8"?>
<!-- Generated by org.testng.reporters.JUnitXMLReporter -->
<testsuite ignored="0" hostname="GPH00087m" failures="0" tests="3" name="Surefire test" time="2.293" errors="0" timestamp="2023-05-03T00:22:07 PST">
  <testcase classname="com.technical.examination.testCategoryDetails" name="category_name_home_and_garden_exists" time="1.537"/>
  <testcase classname="com.technical.examination.testCategoryDetails" name="category_can_relist_enabled" time="0.375"/>
  <testcase classname="com.technical.examination.testCategoryDetails" name="category_promotion_feature_with_correct_description_exists" time="0.365"/>
</testsuite> <!-- Surefire test -->
