<?xml version="1.0" encoding="UTF-8"?>
<!-- Generated by org.testng.reporters.JUnitXMLReporter -->
<testsuite ignored="0" hostname="GPH00087m" failures="0" tests="3" name="Surefire test" time="2.536" errors="0" timestamp="2023-05-02T23:36:10 PST">
  <testcase classname="com.technical.examination.testCategoryDetails" name="category_name_home_and_garden_exists" time="1.705"/>
  <testcase classname="com.technical.examination.testCategoryDetails" name="category_can_relist_enabled" time="0.392"/>
  <testcase classname="com.technical.examination.testCategoryDetails" name="category_promotion_feature_with_correct_description_exists" time="0.42"/>
</testsuite> <!-- Surefire test -->
