<?xml version="1.0" encoding="UTF-8"?>
<testsuite xmlns:xsi="http://www.w3.org/2001/XMLSchema-instance" xsi:noNamespaceSchemaLocation="https://maven.apache.org/surefire/maven-surefire-plugin/xsd/surefire-test-report-3.0.xsd" version="3.0" name="com.technical.examination.testCategoryDetails" time="2.821" tests="3" errors="0" skipped="0" failures="0">
  <properties>
[...]
</properties>
  <testcase name="category_name_home_and_garden_exists" classname="com.technical.examination.testCategoryDetails" time="1.559">
    <system-err><![CDATA[SLF4J: Failed to load class "org.slf4j.impl.StaticLoggerBinder".
SLF4J: Defaulting to no-operation (NOP) logger implementation
SLF4J: See http://www.slf4j.org/codes.html#StaticLoggerBinder for further details.
]]></system-err>
  </testcase>
  <testcase name="category_can_relist_enabled" classname="com.technical.examination.testCategoryDetails" time="0.379"/>
  <testcase name="category_promotion_feature_with_correct_description_exists" classname="com.technical.examination.testCategoryDetails" time="0.383"/>
</testsuite>